Plugins:
Bundled analyzers:
  - Python Code Quality and Security 3.24.1.11916 (python)
  - Go Code Quality and Security 1.11.0.3905 (go)
  - JaCoCo 1.3.0.1538 (jacoco)
  - Kotlin Code Quality and Security 2.12.0.1956 (kotlin)
  - IaC Code Quality and Security 1.11.0.2847 (iac)
  - JavaScript/TypeScript/CSS Code Quality and Security 9.13.0.20537 (javascript)
  - Ruby Code Quality and Security 1.11.0.3905 (ruby)
  - Scala Code Quality and Security 1.11.0.3905 (sonarscala)
  - C# Code Quality and Security 8.51.0.59060 (csharp)
  - Java Code Quality and Security 7.16.0.30901 (java)
  - HTML Code Quality and Security 3.7.1.3306 (web)
  - Flex Code Quality and Security 2.8.0.3166 (flex)
  - XML Code Quality and Security 2.7.0.3820 (xml)
  - PHP Code Quality and Security 3.27.1.9352 (php)
  - Text Code Quality and Security 2.0.2.1090 (text)
  - VB.NET Code Quality and Security 8.51.0.59060 (vbnet)
  - Configuration detection fot Code Quality and Security 1.2.0.267 (config)
Global server settings:
  - sonar.core.id=4F833BF3-AZUpjBA8TCsShod0BJ50
  - sonar.core.startTime=2025-02-21T17:26:37+0000
  - sonar.forceAuthentication=true
Project server settings:
Project scanner properties:
  - sonar.exclusions=**/src/main/java/com/example/demo/**,**/target/**,**/*.jar
  - sonar.host.url=http://localhost:9090
  - sonar.jacoco.reportPath=target/jacoco.exec
  - sonar.language=java
  - sonar.login=******
  - sonar.projectBaseDir=/Users/kara/Documents/Developer/Learning/back-end/Open-c/procject/p-05/demo
  - sonar.projectKey=demo_project_key
  - sonar.projectName=demo
  - sonar.projectVersion=1.0
  - sonar.scanner.apiBaseUrl=http://localhost:9090/api/v2
  - sonar.scanner.app=ScannerCLI
  - sonar.scanner.appVersion=7.0.2.4839
  - sonar.scanner.arch=x86_64
  - sonar.scanner.bootstrapStartTime=1740164222273
  - sonar.scanner.home=/usr/local/Cellar/sonar-scanner/7.0.2.4839/libexec
  - sonar.scanner.os=macos
  - sonar.scanner.wasEngineCacheHit=true
  - sonar.sourceEncoding=UTF-8
  - sonar.sources=.
  - sonar.test.exclusions=**/src/main/java/com/example/demo/**,**/target/**,**/*.jar
  - sonar.test.inclusions=**/src/test/java/com/example/demo/**/*.java
  - sonar.tests=src/test/java
  - sonar.verbose=true
  - sonar.working.directory=/Users/kara/Documents/Developer/Learning/back-end/Open-c/procject/p-05/demo/.scannerwork
  - sonar.ws.timeout=60
